app/build/outputs/mapping/release/seeds.txt
com.greenaddress.abcore.ABCoreService
com.greenaddress.abcore.ABCoreService: ABCoreService()
com.greenaddress.abcore.AboutActivity
com.greenaddress.abcore.AboutActivity: AboutActivity()
com.greenaddress.abcore.AppCompatPreferenceActivity: AppCompatPreferenceActivity()
com.greenaddress.abcore.AppCompatPreferenceActivity: void setContentView(android.view.View)
com.greenaddress.abcore.BitcoinConfEditActivity
com.greenaddress.abcore.BitcoinConfEditActivity: BitcoinConfEditActivity()
com.greenaddress.abcore.DownloadInstallCoreIntentService
com.greenaddress.abcore.DownloadInstallCoreIntentService: DownloadInstallCoreIntentService()
com.greenaddress.abcore.LogActivity
com.greenaddress.abcore.LogActivity: LogActivity()
com.greenaddress.abcore.MainActivity
com.greenaddress.abcore.MainActivity: MainActivity()
com.greenaddress.abcore.PeerActivity
com.greenaddress.abcore.PeerActivity: PeerActivity()
com.greenaddress.abcore.ProgressActivity
com.greenaddress.abcore.ProgressActivity: ProgressActivity()
com.greenaddress.abcore.R$anim: int abc_fade_in
com.greenaddress.abcore.R$anim: int abc_fade_out
com.greenaddress.abcore.R$anim: int abc_grow_fade_in_from_bottom
com.greenaddress.abcore.R$anim: int abc_popup_enter
com.greenaddress.abcore.R$anim: int abc_popup_exit
com.greenaddress.abcore.R$anim: int abc_shrink_fade_out_from_bottom
com.greenaddress.abcore.R$anim: int abc_slide_in_bottom
com.greenaddress.abcore.R$anim: int abc_slide_in_top
com.greenaddress.abcore.R$anim: int abc_slide_out_bottom
com.greenaddress.abcore.R$anim: int abc_slide_out_top
com.greenaddress.abcore.R$anim: int design_fab_in
com.greenaddress.abcore.R$anim: int design_fab_out
com.greenaddress.abcore.R$anim: int design_snackbar_in
com.greenaddress.abcore.R$anim: int design_snackbar_out
com.greenaddress.abcore.R$array: int arm_arch_repos_array
com.greenaddress.abcore.R$array: int debian_repos_array
com.greenaddress.abcore.R$array: int ix86_arch_repos_array
com.greenaddress.abcore.R$attr: int actionBarDivider
com.greenaddress.abcore.R$attr: int actionBarItemBackground
com.greenaddress.abcore.R$attr: int actionBarPopupTheme
com.greenaddress.abcore.R$attr: int actionBarSize
com.greenaddress.abcore.R$attr: int actionBarSplitStyle
com.greenaddress.abcore.R$attr: int actionBarStyle
com.greenaddress.abcore.R$attr: int actionBarTabBarStyle
com.greenaddress.abcore.R$attr: int actionBarTabStyle
com.greenaddress.abcore.R$attr: int actionBarTabTextStyle
com.greenaddress.abcore.R$attr: int actionBarTheme
com.greenaddress.abcore.R$attr: int actionBarWidgetTheme
com.greenaddress.abcore.R$attr: int actionButtonStyle
com.greenaddress.abcore.R$attr: int actionDropDownStyle
com.greenaddress.abcore.R$attr: int actionLayout
com.greenaddress.abcore.R$attr: int actionMenuTextAppearance
com.greenaddress.abcore.R$attr: int actionMenuTextColor
com.greenaddress.abcore.R$attr: int actionModeBackground
com.greenaddress.abcore.R$attr: int actionModeCloseButtonStyle
com.greenaddress.abcore.R$attr: int actionModeCloseDrawable
com.greenaddress.abcore.R$attr: int actionModeCopyDrawable
com.greenaddress.abcore.R$attr: int actionModeCutDrawable
com.greenaddress.abcore.R$attr: int actionModeFindDrawable
com.greenaddress.abcore.R$attr: int actionModePasteDrawable
com.greenaddress.abcore.R$attr: int actionModePopupWindowStyle
com.greenaddress.abcore.R$attr: int actionModeSelectAllDrawable
com.greenaddress.abcore.R$attr: int actionModeShareDrawable
...
android.support.v4.app.FragmentManagerState: android.os.Parcelable$Creator CREATOR
android.support.v4.app.FragmentState: android.os.Parcelable$Creator CREATOR
android.support.v4.app.FragmentTabHost: void setOnTabChangedListener(android.widget.TabHost$OnTabChangeListener)
android.support.v4.app.FragmentTabHost$SavedState: android.os.Parcelable$Creator CREATOR
android.support.v4.content.ModernAsyncTask$Status: android.support.v4.content.ModernAsyncTask$Status[] values()
android.support.v4.content.ModernAsyncTask$Status: android.support.v4.content.ModernAsyncTask$Status valueOf(java.lang.String)
android.support.v4.media.MediaBrowserCompat$MediaItem: android.os.Parcelable$Creator CREATOR
android.support.v4.media.MediaDescriptionCompat: android.os.Parcelable$Creator CREATOR
android.support.v4.media.MediaMetadataCompat: android.os.Parcelable$Creator CREATOR
android.support.v4.media.RatingCompat: android.os.Parcelable$Creator CREATOR
android.support.v4.media.session.MediaSessionCompat$QueueItem: android.os.Parcelable$Creator CREATOR
android.support.v4.media.session.MediaSessionCompat$ResultReceiverWrapper: android.os.Parcelable$Creator CREATOR
android.support.v4.media.session.MediaSessionCompat$Token: android.os.Parcelable$Creator CREATOR
android.support.v4.media.session.ParcelableVolumeInfo: android.os.Parcelable$Creator CREATOR
android.support.v4.media.session.PlaybackStateCompat: android.os.Parcelable$Creator CREATOR
android.support.v4.media.session.PlaybackStateCompat$CustomAction: android.os.Parcelable$Creator CREATOR
android.support.v4.os.ResultReceiver: android.os.Parcelable$Creator CREATOR
android.support.v4.view.PagerTabStrip: void setTabIndicatorColor(int)
android.support.v4.view.PagerTabStrip: void setTabIndicatorColorResource(int)
android.support.v4.view.PagerTabStrip: int getTabIndicatorColor()
android.support.v4.view.PagerTabStrip: void setTextSpacing(int)
android.support.v4.view.PagerTabStrip: void setBackgroundDrawable(android.graphics.drawable.Drawable)
android.support.v4.view.PagerTabStrip: void setBackgroundColor(int)
android.support.v4.view.PagerTabStrip: void setBackgroundResource(int)
android.support.v4.view.PagerTabStrip: void setDrawFullUnderline(boolean)
android.support.v4.view.PagerTabStrip: boolean getDrawFullUnderline()
android.support.v4.view.PagerTabStrip: int getMinHeight()
android.support.v4.view.PagerTitleStrip: void setSingleLineAllCaps(android.widget.TextView)
android.support.v4.view.PagerTitleStrip: void setTextSpacing(int)
android.support.v4.view.PagerTitleStrip: int getTextSpacing()
android.support.v4.view.PagerTitleStrip: void setNonPrimaryAlpha(float)
android.support.v4.view.PagerTitleStrip: void setTextColor(int)
android.support.v4.view.PagerTitleStrip: void setGravity(int)
android.support.v4.view.PagerTitleStrip: int getMinHeight()