app/build/outputs/mapping/release/mapping.txt
com.greenaddress.abcore.ABCoreService -> com.greenaddress.abcore.ABCoreService:
    java.lang.String TAG -> a
    java.lang.Process mProcess -> b
    void <init>() -> <init>
    android.os.IBinder onBind(android.content.Intent) -> onBind
    int onStartCommand(android.content.Intent,int,int) -> onStartCommand
    void onDestroy() -> onDestroy
    void <clinit>() -> <clinit>
com.greenaddress.abcore.AboutActivity -> com.greenaddress.abcore.AboutActivity:
    void <init>() -> <init>
    void onCreate(android.os.Bundle) -> onCreate
com.greenaddress.abcore.AppCompatPreferenceActivity -> com.greenaddress.abcore.a:
    android.support.v7.app.AppCompatDelegate mDelegate -> a
    void <init>() -> <init>
    void onCreate(android.os.Bundle) -> onCreate
    void onPostCreate(android.os.Bundle) -> onPostCreate
    android.support.v7.app.ActionBar getSupportActionBar() -> a
    android.view.MenuInflater getMenuInflater() -> getMenuInflater
    void setContentView(int) -> setContentView
    void setContentView(android.view.View) -> setContentView
    void setContentView(android.view.View,android.view.ViewGroup$LayoutParams) -> setContentView
    void addContentView(android.view.View,android.view.ViewGroup$LayoutParams) -> addContentView
    void onPostResume() -> onPostResume
    void onTitleChanged(java.lang.CharSequence,int) -> onTitleChanged
    void onConfigurationChanged(android.content.res.Configuration) -> onConfigurationChanged
    void onStop() -> onStop
    void onDestroy() -> onDestroy
    void invalidateOptionsMenu() -> invalidateOptionsMenu
    android.support.v7.app.AppCompatDelegate getDelegate() -> b
com.greenaddress.abcore.BitcoinConfEditActivity -> com.greenaddress.abcore.BitcoinConfEditActivity:
    java.lang.String TAG -> i
    void <init>() -> <init>
    void onCreate(android.os.Bundle) -> onCreate
    void onPause() -> onPause
    void onResume() -> onResume
    void <clinit>() -> <clinit>
com.greenaddress.abcore.DownloadInstallCoreIntentService -> com.greenaddress.abcore.DownloadInstallCoreIntentService:
    java.lang.String TAG -> a
    void <init>() -> <init>
    java.util.List getPackages() -> a
    java.lang.String getRepo() -> b
    void onHandleIntent(android.content.Intent) -> onHandleIntent
    java.lang.String getRnd() -> c
    void configureCore(android.content.Context) -> a
    void sendUpdate(java.lang.String,com.greenaddress.abcore.Packages$PkgH) -> a
    void unpack(java.lang.String,com.greenaddress.abcore.Packages$PkgH,java.lang.String,java.io.File,java.lang.String) -> a
    void <clinit>() -> <clinit>
com.greenaddress.abcore.DownloadInstallCoreIntentService$ValidationFailure -> com.greenaddress.abcore.b:
    java.lang.String pkg -> a
    void <init>(java.lang.String,java.lang.String) -> <init>
com.greenaddress.abcore.LogActivity -> com.greenaddress.abcore.LogActivity:
    void <init>() -> <init>
    void onCreate(android.os.Bundle) -> onCreate
    void onResume() -> onResume
com.greenaddress.abcore.MainActivity -> com.greenaddress.abcore.MainActivity:
    com.greenaddress.abcore.MainActivity$DownloadInstallCoreResponseReceiver downloadInstallCoreResponseReceiver -> j
    com.greenaddress.abcore.MainActivity$RPCResponseReceiver rpcResponseReceiver -> k
    java.lang.String TAG -> i
    void <init>() -> <init>
    void onCreate(android.os.Bundle) -> onCreate
    void postStart(android.app.Activity) -> c
    void postConfigure(android.app.Activity) -> d
    void onPause() -> onPause
    void onResume() -> onResume
    boolean onCreateOptionsMenu(android.view.Menu) -> onCreateOptionsMenu
    boolean onOptionsItemSelected(android.view.MenuItem) -> onOptionsItemSelected
    void access$000(android.app.Activity) -> a
    void access$100(android.app.Activity) -> b
    void <clinit>() -> <clinit>
...
android.support.v4.content.IntentCompat -> android.support.v4.c.e:
    android.support.v4.content.IntentCompat$IntentCompatImpl IMPL -> a
    android.content.Intent makeMainActivity(android.content.ComponentName) -> a
    void <clinit>() -> <clinit>
android.support.v4.content.IntentCompat$IntentCompatImpl -> android.support.v4.c.f:
    android.content.Intent makeMainActivity(android.content.ComponentName) -> a
android.support.v4.content.IntentCompat$IntentCompatImplBase -> android.support.v4.c.g:
    void <init>() -> <init>
    android.content.Intent makeMainActivity(android.content.ComponentName) -> a
android.support.v4.content.IntentCompat$IntentCompatImplHC -> android.support.v4.c.h:
    void <init>() -> <init>
    android.content.Intent makeMainActivity(android.content.ComponentName) -> a
android.support.v4.content.IntentCompat$IntentCompatImplIcsMr1 -> android.support.v4.c.i:
    void <init>() -> <init>
android.support.v4.content.IntentCompatHoneycomb -> android.support.v4.c.j:
    android.content.Intent makeMainActivity(android.content.ComponentName) -> a
android.support.v4.content.Loader -> android.support.v4.c.k:
    int mId -> a
    android.support.v4.content.Loader$OnLoadCompleteListener mListener -> b
    android.support.v4.content.Loader$OnLoadCanceledListener mOnLoadCanceledListener -> c
    boolean mStarted -> d
    boolean mAbandoned -> e
    boolean mReset -> f
    boolean mContentChanged -> g
    boolean mProcessingChange -> h
    void registerListener(int,android.support.v4.content.Loader$OnLoadCompleteListener) -> a
    void unregisterListener(android.support.v4.content.Loader$OnLoadCompleteListener) -> a
    void registerOnLoadCanceledListener(android.support.v4.content.Loader$OnLoadCanceledListener) -> a
    void unregisterOnLoadCanceledListener(android.support.v4.content.Loader$OnLoadCanceledListener) -> b
    void startLoading() -> a
    void onStartLoading() -> b
    void stopLoading() -> c
    void onStopLoading() -> d
    void reset() -> e
    void onReset() -> f
    java.lang.String dataToString(java.lang.Object) -> a
    java.lang.String toString() -> toString
    void dump(java.lang.String,java.io.FileDescriptor,java.io.PrintWriter,java.lang.String[]) -> a
android.support.v4.content.Loader$OnLoadCanceledListener -> android.support.v4.c.l:
android.support.v4.content.Loader$OnLoadCompleteListener -> android.support.v4.c.m:
android.support.v4.graphics.ColorUtils -> android.support.v4.d.a:
    int compositeColors(int,int) -> a
    int compositeAlpha(int,int) -> c
    int compositeComponent(int,int,int,int,int) -> a
    int setAlphaComponent(int,int) -> b
android.support.v4.graphics.drawable.DrawableCompat -> android.support.v4.d.a.a:
    android.support.v4.graphics.drawable.DrawableCompat$DrawableImpl IMPL -> a
    void jumpToCurrentState(android.graphics.drawable.Drawable) -> a
    void setAutoMirrored(android.graphics.drawable.Drawable,boolean) -> a
    boolean isAutoMirrored(android.graphics.drawable.Drawable) -> b
    void setHotspot(android.graphics.drawable.Drawable,float,float) -> a
    void setHotspotBounds(android.graphics.drawable.Drawable,int,int,int,int) -> a
    void setTint(android.graphics.drawable.Drawable,int) -> a
    void setTintList(android.graphics.drawable.Drawable,android.content.res.ColorStateList) -> a
    void setTintMode(android.graphics.drawable.Drawable,android.graphics.PorterDuff$Mode) -> a
    android.graphics.drawable.Drawable wrap(android.graphics.drawable.Drawable) -> c
    void <clinit>() -> <clinit>