app/build/outputs/mapping/release/usage.txt
com.greenaddress.abcore.AppCompatPreferenceActivity:
    41:42:public void setSupportActionBar(android.support.v7.widget.Toolbar)
com.greenaddress.abcore.BuildConfig
com.greenaddress.abcore.DownloadInstallCoreIntentService:
    public static final java.lang.String PARAM_OUT_MSG
com.greenaddress.abcore.MainActivity$DownloadInstallCoreResponseReceiver:
    public static final java.lang.String ACTION_RESP
com.greenaddress.abcore.MainActivity$RPCResponseReceiver:
    public static final java.lang.String ACTION_RESP
com.greenaddress.abcore.Packages:
    7:200:public Packages()
com.greenaddress.abcore.PeerActivity$RPCResponseReceiver:
    public static final java.lang.String ACTION_RESP
com.greenaddress.abcore.ProgressActivity$RPCResponseReceiver:
    public static final java.lang.String ACTION_RESP
com.greenaddress.abcore.R
com.greenaddress.abcore.R$anim
com.greenaddress.abcore.R$array
com.greenaddress.abcore.R$attr
com.greenaddress.abcore.R$bool
com.greenaddress.abcore.R$color
com.greenaddress.abcore.R$dimen
com.greenaddress.abcore.R$drawable
com.greenaddress.abcore.R$id
com.greenaddress.abcore.R$integer
com.greenaddress.abcore.R$layout
com.greenaddress.abcore.R$menu
com.greenaddress.abcore.R$mipmap
com.greenaddress.abcore.R$string
com.greenaddress.abcore.R$style
com.greenaddress.abcore.R$styleable
com.greenaddress.abcore.R$xml
com.greenaddress.abcore.RPCIntentService:
    public static final java.lang.String PARAM_OUT_MSG
...
android.support.v4.widget.SlidingPaneLayout$SlidingPanelLayoutImpl
android.support.v4.widget.SlidingPaneLayout$SlidingPanelLayoutImplBase
android.support.v4.widget.SlidingPaneLayout$SlidingPanelLayoutImplJB
android.support.v4.widget.SlidingPaneLayout$SlidingPanelLayoutImplJBMR1
android.support.v4.widget.SwipeProgressBar
android.support.v4.widget.SwipeRefreshLayout
android.support.v4.widget.SwipeRefreshLayout$1
android.support.v4.widget.SwipeRefreshLayout$2
android.support.v4.widget.SwipeRefreshLayout$3
android.support.v4.widget.SwipeRefreshLayout$4
android.support.v4.widget.SwipeRefreshLayout$5
android.support.v4.widget.SwipeRefreshLayout$6
android.support.v4.widget.SwipeRefreshLayout$7
android.support.v4.widget.SwipeRefreshLayout$8
android.support.v4.widget.SwipeRefreshLayout$OnRefreshListener
android.support.v4.widget.TextViewCompat:
    32:32:private TextViewCompat()
    193:194:public static void setCompoundDrawablesRelativeWithIntrinsicBounds(android.widget.TextView,android.graphics.drawable.Drawable,android.graphics.drawable.Drawable,android.graphics.drawable.Drawable,android.graphics.drawable.Drawable)
    216:217:public static void setCompoundDrawablesRelativeWithIntrinsicBounds(android.widget.TextView,int,int,int,int)
    224:224:public static int getMaxLines(android.widget.TextView)
    232:232:public static int getMinLines(android.widget.TextView)
android.support.v4.widget.TextViewCompat$BaseTextViewCompatImpl:
    59:60:public void setCompoundDrawablesRelativeWithIntrinsicBounds(android.widget.TextView,android.graphics.drawable.Drawable,android.graphics.drawable.Drawable,android.graphics.drawable.Drawable,android.graphics.drawable.Drawable)
    65:66:public void setCompoundDrawablesRelativeWithIntrinsicBounds(android.widget.TextView,int,int,int,int)
    70:70:public int getMaxLines(android.widget.TextView)
    75:75:public int getMinLines(android.widget.TextView)
android.support.v4.widget.TextViewCompat$JbMr1TextViewCompatImpl:
    103:105:public void setCompoundDrawablesRelativeWithIntrinsicBounds(android.widget.TextView,android.graphics.drawable.Drawable,android.graphics.drawable.Drawable,android.graphics.drawable.Drawable,android.graphics.drawable.Drawable)
    110:112:public void setCompoundDrawablesRelativeWithIntrinsicBounds(android.widget.TextView,int,int,int,int)
android.support.v4.widget.TextViewCompat$JbMr2TextViewCompatImpl:
    127:130:public void setCompoundDrawablesRelativeWithIntrinsicBounds(android.widget.TextView,android.graphics.drawable.Drawable,android.graphics.drawable.Drawable,android.graphics.drawable.Drawable,android.graphics.drawable.Drawable)
    135:137:public void setCompoundDrawablesRelativeWithIntrinsicBounds(android.widget.TextView,int,int,int,int)
android.support.v4.widget.TextViewCompat$JbTextViewCompatImpl:
    82:82:public int getMaxLines(android.widget.TextView)
    87:87:public int getMinLines(android.widget.TextView)
android.support.v4.widget.TextViewCompat$TextViewCompatImpl:
    public abstract void setCompoundDrawablesRelativeWithIntrinsicBounds(android.widget.TextView,android.graphics.drawable.Drawable,android.graphics.drawable.Drawable,android.graphics.drawable.Drawable,android.graphics.drawable.Drawable)
    public abstract void setCompoundDrawablesRelativeWithIntrinsicBounds(android.widget.TextView,int,int,int,int)
    public abstract int getMaxLines(android.widget.TextView)
    public abstract int getMinLines(android.widget.TextView)
android.support.v4.widget.TextViewCompatDonut
android.support.v4.widget.TextViewCompatJb
android.support.v4.widget.TextViewCompatJbMr1:
    25:25:TextViewCompatJbMr1()
    37:40:public static void setCompoundDrawablesRelativeWithIntrinsicBounds(android.widget.TextView,android.graphics.drawable.Drawable,android.graphics.drawable.Drawable,android.graphics.drawable.Drawable,android.graphics.drawable.Drawable)
    44:47:public static void setCompoundDrawablesRelativeWithIntrinsicBounds(android.widget.TextView,int,int,int,int)